Analysis & Synthesis report for timer
Wed Nov 18 21:38:01 2015
Quartus II 64-Bit Version 15.0.2 Build 153 07/15/2015 SJ Web Edition


---------------------
; Table of Contents ;
---------------------
  1. Legal Notice
  2. Analysis & Synthesis Summary
  3. Analysis & Synthesis Settings
  4. Parallel Compilation
  5. Analysis & Synthesis Source Files Read
  6. Analysis & Synthesis Resource Usage Summary
  7. Analysis & Synthesis Resource Utilization by Entity
  8. Registers Removed During Synthesis
  9. General Register Statistics
 10. Inverted Register Statistics
 11. Multiplexer Restructuring Statistics (Restructuring Performed)
 12. Parameter Settings for Inferred Entity Instance: decounter:decount|lpm_divide:Mod0
 13. Parameter Settings for Inferred Entity Instance: decounter:decount|lpm_divide:Div1
 14. Parameter Settings for Inferred Entity Instance: decounter:decount|lpm_divide:Mod1
 15. Parameter Settings for Inferred Entity Instance: decounter:decount|lpm_divide:Div2
 16. Parameter Settings for Inferred Entity Instance: decounter:decount|lpm_divide:Mod2
 17. Parameter Settings for Inferred Entity Instance: decounter:decount|lpm_divide:Div0
 18. Port Connectivity Checks: "freqDiv:freqSignal"
 19. Port Connectivity Checks: "freqDiv:clockQHz"
 20. Port Connectivity Checks: "freqDiv:clock1Hz"
 21. Post-Synthesis Netlist Statistics for Top Partition
 22. Elapsed Time Per Partition
 23. Analysis & Synthesis Messages



----------------
; Legal Notice ;
----------------
Copyright (C) 1991-2015 Altera Corporation. All rights reserved.
Your use of Altera Corporation's design tools, logic functions 
and other software and tools, and its AMPP partner logic 
functions, and any output files from any of the foregoing 
(including device programming or simulation files), and any 
associated documentation or information are expressly subject 
to the terms and conditions of the Altera Program License 
Subscription Agreement, the Altera Quartus II License Agreement,
the Altera MegaCore Function License Agreement, or other 
applicable license agreement, including, without limitation, 
that your use is for the sole purpose of programming logic 
devices manufactured by Altera and sold by Altera or its 
authorized distributors.  Please refer to the applicable 
agreement for further details.



+---------------------------------------------------------------------------------+
; Analysis & Synthesis Summary                                                    ;
+------------------------------------+--------------------------------------------+
; Analysis & Synthesis Status        ; Successful - Wed Nov 18 21:38:01 2015      ;
; Quartus II 64-Bit Version          ; 15.0.2 Build 153 07/15/2015 SJ Web Edition ;
; Revision Name                      ; timer                                      ;
; Top-level Entity Name              ; timer                                      ;
; Family                             ; Cyclone IV E                               ;
; Total logic elements               ; 7,455                                      ;
;     Total combinational functions  ; 7,424                                      ;
;     Dedicated logic registers      ; 413                                        ;
; Total registers                    ; 413                                        ;
; Total pins                         ; 42                                         ;
; Total virtual pins                 ; 0                                          ;
; Total memory bits                  ; 0                                          ;
; Embedded Multiplier 9-bit elements ; 0                                          ;
; Total PLLs                         ; 0                                          ;
+------------------------------------+--------------------------------------------+


+----------------------------------------------------------------------------------------------------------------------+
; Analysis & Synthesis Settings                                                                                        ;
+----------------------------------------------------------------------------+--------------------+--------------------+
; Option                                                                     ; Setting            ; Default Value      ;
+----------------------------------------------------------------------------+--------------------+--------------------+
; Device                                                                     ; EP4CE115F29C7      ;                    ;
; Top-level entity name                                                      ; timer              ; timer              ;
; Family name                                                                ; Cyclone IV E       ; Cyclone V          ;
; Use smart compilation                                                      ; Off                ; Off                ;
; Enable parallel Assembler and TimeQuest Timing Analyzer during compilation ; On                 ; On                 ;
; Enable compact report table                                                ; Off                ; Off                ;
; Restructure Multiplexers                                                   ; Auto               ; Auto               ;
; Create Debugging Nodes for IP Cores                                        ; Off                ; Off                ;
; Preserve fewer node names                                                  ; On                 ; On                 ;
; Disable OpenCore Plus hardware evaluation                                  ; Off                ; Off                ;
; Verilog Version                                                            ; Verilog_2001       ; Verilog_2001       ;
; VHDL Version                                                               ; VHDL_1993          ; VHDL_1993          ;
; State Machine Processing                                                   ; Auto               ; Auto               ;
; Safe State Machine                                                         ; Off                ; Off                ;
; Extract Verilog State Machines                                             ; On                 ; On                 ;
; Extract VHDL State Machines                                                ; On                 ; On                 ;
; Ignore Verilog initial constructs                                          ; Off                ; Off                ;
; Iteration limit for constant Verilog loops                                 ; 5000               ; 5000               ;
; Iteration limit for non-constant Verilog loops                             ; 250                ; 250                ;
; Add Pass-Through Logic to Inferred RAMs                                    ; On                 ; On                 ;
; Infer RAMs from Raw Logic                                                  ; On                 ; On                 ;
; Parallel Synthesis                                                         ; On                 ; On                 ;
; DSP Block Balancing                                                        ; Auto               ; Auto               ;
; NOT Gate Push-Back                                                         ; On                 ; On                 ;
; Power-Up Don't Care                                                        ; On                 ; On                 ;
; Remove Redundant Logic Cells                                               ; Off                ; Off                ;
; Remove Duplicate Registers                                                 ; On                 ; On                 ;
; Ignore CARRY Buffers                                                       ; Off                ; Off                ;
; Ignore CASCADE Buffers                                                     ; Off                ; Off                ;
; Ignore GLOBAL Buffers                                                      ; Off                ; Off                ;
; Ignore ROW GLOBAL Buffers                                                  ; Off                ; Off                ;
; Ignore LCELL Buffers                                                       ; Off                ; Off                ;
; Ignore SOFT Buffers                                                        ; On                 ; On                 ;
; Limit AHDL Integers to 32 Bits                                             ; Off                ; Off                ;
; Optimization Technique                                                     ; Balanced           ; Balanced           ;
; Carry Chain Length                                                         ; 70                 ; 70                 ;
; Auto Carry Chains                                                          ; On                 ; On                 ;
; Auto Open-Drain Pins                                                       ; On                 ; On                 ;
; Perform WYSIWYG Primitive Resynthesis                                      ; Off                ; Off                ;
; Auto ROM Replacement                                                       ; On                 ; On                 ;
; Auto RAM Replacement                                                       ; On                 ; On                 ;
; Auto DSP Block Replacement                                                 ; On                 ; On                 ;
; Auto Shift Register Replacement                                            ; Auto               ; Auto               ;
; Allow Shift Register Merging across Hierarchies                            ; Auto               ; Auto               ;
; Auto Clock Enable Replacement                                              ; On                 ; On                 ;
; Strict RAM Replacement                                                     ; Off                ; Off                ;
; Allow Synchronous Control Signals                                          ; On                 ; On                 ;
; Force Use of Synchronous Clear Signals                                     ; Off                ; Off                ;
; Auto RAM Block Balancing                                                   ; On                 ; On                 ;
; Auto RAM to Logic Cell Conversion                                          ; Off                ; Off                ;
; Auto Resource Sharing                                                      ; Off                ; Off                ;
; Allow Any RAM Size For Recognition                                         ; Off                ; Off                ;
; Allow Any ROM Size For Recognition                                         ; Off                ; Off                ;
; Allow Any Shift Register Size For Recognition                              ; Off                ; Off                ;
; Use LogicLock Constraints during Resource Balancing                        ; On                 ; On                 ;
; Ignore translate_off and synthesis_off directives                          ; Off                ; Off                ;
; Timing-Driven Synthesis                                                    ; On                 ; On                 ;
; Report Parameter Settings                                                  ; On                 ; On                 ;
; Report Source Assignments                                                  ; On                 ; On                 ;
; Report Connectivity Checks                                                 ; On                 ; On                 ;
; Ignore Maximum Fan-Out Assignments                                         ; Off                ; Off                ;
; Synchronization Register Chain Length                                      ; 2                  ; 2                  ;
; PowerPlay Power Optimization During Synthesis                              ; Normal compilation ; Normal compilation ;
; HDL message level                                                          ; Level2             ; Level2             ;
; Suppress Register Optimization Related Messages                            ; Off                ; Off                ;
; Number of Removed Registers Reported in Synthesis Report                   ; 5000               ; 5000               ;
; Number of Swept Nodes Reported in Synthesis Report                         ; 5000               ; 5000               ;
; Number of Inverted Registers Reported in Synthesis Report                  ; 100                ; 100                ;
; Clock MUX Protection                                                       ; On                 ; On                 ;
; Auto Gated Clock Conversion                                                ; Off                ; Off                ;
; Block Design Naming                                                        ; Auto               ; Auto               ;
; SDC constraint protection                                                  ; Off                ; Off                ;
; Synthesis Effort                                                           ; Auto               ; Auto               ;
; Shift Register Replacement - Allow Asynchronous Clear Signal               ; On                 ; On                 ;
; Pre-Mapping Resynthesis Optimization                                       ; Off                ; Off                ;
; Analysis & Synthesis Message Level                                         ; Medium             ; Medium             ;
; Disable Register Merging Across Hierarchies                                ; Auto               ; Auto               ;
; Resource Aware Inference For Block RAM                                     ; On                 ; On                 ;
; Synthesis Seed                                                             ; 1                  ; 1                  ;
+----------------------------------------------------------------------------+--------------------+--------------------+


+------------------------------------------+
; Parallel Compilation                     ;
+----------------------------+-------------+
; Processors                 ; Number      ;
+----------------------------+-------------+
; Number detected on machine ; 4           ;
; Maximum allowed            ; 2           ;
;                            ;             ;
; Average used               ; 1.00        ;
; Maximum used               ; 2           ;
;                            ;             ;
; Usage by Processor         ; % Time Used ;
;     Processor 1            ; 100.0%      ;
;     Processor 2            ; < 0.1%      ;
;     Processors 3-4         ;   0.0%      ;
+----------------------------+-------------+


+----------------------------------------------------------------------------------------------------------------------------------------------------------------------------------------------------------------+
; Analysis & Synthesis Source Files Read                                                                                                                                                                         ;
+----------------------------------+-----------------+------------------------------+------------------------------------------------------------------------------------------------------------------+---------+
; File Name with User-Entered Path ; Used in Netlist ; File Type                    ; File Name with Absolute Path                                                                                     ; Library ;
+----------------------------------+-----------------+------------------------------+------------------------------------------------------------------------------------------------------------------+---------+
; freqDiv.vhd                      ; yes             ; User VHDL File               ; C:/Users/Steve/Desktop/4-Hochschule_Offenburg/Semestre 7/VHDL/Projekt/02_Projektaufgabe_2/freqDiv.vhd            ;         ;
; audio.vhd                        ; yes             ; User VHDL File               ; C:/Users/Steve/Desktop/4-Hochschule_Offenburg/Semestre 7/VHDL/Projekt/02_Projektaufgabe_2/audio.vhd              ;         ;
; display.vhd                      ; yes             ; User VHDL File               ; C:/Users/Steve/Desktop/4-Hochschule_Offenburg/Semestre 7/VHDL/Projekt/02_Projektaufgabe_2/display.vhd            ;         ;
; counter.vhd                      ; yes             ; User VHDL File               ; C:/Users/Steve/Desktop/4-Hochschule_Offenburg/Semestre 7/VHDL/Projekt/02_Projektaufgabe_2/counter.vhd            ;         ;
; timer.vhd                        ; yes             ; User VHDL File               ; C:/Users/Steve/Desktop/4-Hochschule_Offenburg/Semestre 7/VHDL/Projekt/02_Projektaufgabe_2/timer.vhd              ;         ;
; decounter.vhd                    ; yes             ; User VHDL File               ; C:/Users/Steve/Desktop/4-Hochschule_Offenburg/Semestre 7/VHDL/Projekt/02_Projektaufgabe_2/decounter.vhd          ;         ;
; lpm_divide.tdf                   ; yes             ; Megafunction                 ; c:/altera/15.0/quartus/libraries/megafunctions/lpm_divide.tdf                                                    ;         ;
; abs_divider.inc                  ; yes             ; Megafunction                 ; c:/altera/15.0/quartus/libraries/megafunctions/abs_divider.inc                                                   ;         ;
; sign_div_unsign.inc              ; yes             ; Megafunction                 ; c:/altera/15.0/quartus/libraries/megafunctions/sign_div_unsign.inc                                               ;         ;
; aglobal150.inc                   ; yes             ; Megafunction                 ; c:/altera/15.0/quartus/libraries/megafunctions/aglobal150.inc                                                    ;         ;
; db/lpm_divide_cqo.tdf            ; yes             ; Auto-Generated Megafunction  ; C:/Users/Steve/Desktop/4-Hochschule_Offenburg/Semestre 7/VHDL/Projekt/02_Projektaufgabe_2/db/lpm_divide_cqo.tdf  ;         ;
; db/abs_divider_4dg.tdf           ; yes             ; Auto-Generated Megafunction  ; C:/Users/Steve/Desktop/4-Hochschule_Offenburg/Semestre 7/VHDL/Projekt/02_Projektaufgabe_2/db/abs_divider_4dg.tdf ;         ;
; db/alt_u_div_6af.tdf             ; yes             ; Auto-Generated Megafunction  ; C:/Users/Steve/Desktop/4-Hochschule_Offenburg/Semestre 7/VHDL/Projekt/02_Projektaufgabe_2/db/alt_u_div_6af.tdf   ;         ;
; db/add_sub_7pc.tdf               ; yes             ; Auto-Generated Megafunction  ; C:/Users/Steve/Desktop/4-Hochschule_Offenburg/Semestre 7/VHDL/Projekt/02_Projektaufgabe_2/db/add_sub_7pc.tdf     ;         ;
; db/add_sub_8pc.tdf               ; yes             ; Auto-Generated Megafunction  ; C:/Users/Steve/Desktop/4-Hochschule_Offenburg/Semestre 7/VHDL/Projekt/02_Projektaufgabe_2/db/add_sub_8pc.tdf     ;         ;
; db/lpm_abs_i0a.tdf               ; yes             ; Auto-Generated Megafunction  ; C:/Users/Steve/Desktop/4-Hochschule_Offenburg/Semestre 7/VHDL/Projekt/02_Projektaufgabe_2/db/lpm_abs_i0a.tdf     ;         ;
; db/lpm_divide_r0p.tdf            ; yes             ; Auto-Generated Megafunction  ; C:/Users/Steve/Desktop/4-Hochschule_Offenburg/Semestre 7/VHDL/Projekt/02_Projektaufgabe_2/db/lpm_divide_r0p.tdf  ;         ;
; db/abs_divider_mbg.tdf           ; yes             ; Auto-Generated Megafunction  ; C:/Users/Steve/Desktop/4-Hochschule_Offenburg/Semestre 7/VHDL/Projekt/02_Projektaufgabe_2/db/abs_divider_mbg.tdf ;         ;
; db/alt_u_div_a7f.tdf             ; yes             ; Auto-Generated Megafunction  ; C:/Users/Steve/Desktop/4-Hochschule_Offenburg/Semestre 7/VHDL/Projekt/02_Projektaufgabe_2/db/alt_u_div_a7f.tdf   ;         ;
; db/lpm_abs_4v9.tdf               ; yes             ; Auto-Generated Megafunction  ; C:/Users/Steve/Desktop/4-Hochschule_Offenburg/Semestre 7/VHDL/Projekt/02_Projektaufgabe_2/db/lpm_abs_4v9.tdf     ;         ;
; db/lpm_divide_p0p.tdf            ; yes             ; Auto-Generated Megafunction  ; C:/Users/Steve/Desktop/4-Hochschule_Offenburg/Semestre 7/VHDL/Projekt/02_Projektaufgabe_2/db/lpm_divide_p0p.tdf  ;         ;
; db/abs_divider_kbg.tdf           ; yes             ; Auto-Generated Megafunction  ; C:/Users/Steve/Desktop/4-Hochschule_Offenburg/Semestre 7/VHDL/Projekt/02_Projektaufgabe_2/db/abs_divider_kbg.tdf ;         ;
; db/alt_u_div_67f.tdf             ; yes             ; Auto-Generated Megafunction  ; C:/Users/Steve/Desktop/4-Hochschule_Offenburg/Semestre 7/VHDL/Projekt/02_Projektaufgabe_2/db/alt_u_div_67f.tdf   ;         ;
; db/lpm_abs_2v9.tdf               ; yes             ; Auto-Generated Megafunction  ; C:/Users/Steve/Desktop/4-Hochschule_Offenburg/Semestre 7/VHDL/Projekt/02_Projektaufgabe_2/db/lpm_abs_2v9.tdf     ;         ;
; db/lpm_divide_62p.tdf            ; yes             ; Auto-Generated Megafunction  ; C:/Users/Steve/Desktop/4-Hochschule_Offenburg/Semestre 7/VHDL/Projekt/02_Projektaufgabe_2/db/lpm_divide_62p.tdf  ;         ;
; db/abs_divider_1dg.tdf           ; yes             ; Auto-Generated Megafunction  ; C:/Users/Steve/Desktop/4-Hochschule_Offenburg/Semestre 7/VHDL/Projekt/02_Projektaufgabe_2/db/abs_divider_1dg.tdf ;         ;
; db/alt_u_div_0af.tdf             ; yes             ; Auto-Generated Megafunction  ; C:/Users/Steve/Desktop/4-Hochschule_Offenburg/Semestre 7/VHDL/Projekt/02_Projektaufgabe_2/db/alt_u_div_0af.tdf   ;         ;
; db/lpm_abs_f0a.tdf               ; yes             ; Auto-Generated Megafunction  ; C:/Users/Steve/Desktop/4-Hochschule_Offenburg/Semestre 7/VHDL/Projekt/02_Projektaufgabe_2/db/lpm_abs_f0a.tdf     ;         ;
+----------------------------------+-----------------+------------------------------+------------------------------------------------------------------------------------------------------------------+---------+


+--------------------------------------------------------------+
; Analysis & Synthesis Resource Usage Summary                  ;
+---------------------------------------------+----------------+
; Resource                                    ; Usage          ;
+---------------------------------------------+----------------+
; Estimated Total logic elements              ; 7,455          ;
;                                             ;                ;
; Total combinational functions               ; 7424           ;
; Logic element usage by number of LUT inputs ;                ;
;     -- 4 input functions                    ; 2293           ;
;     -- 3 input functions                    ; 2273           ;
;     -- <=2 input functions                  ; 2858           ;
;                                             ;                ;
; Logic elements by mode                      ;                ;
;     -- normal mode                          ; 4961           ;
;     -- arithmetic mode                      ; 2463           ;
;                                             ;                ;
; Total registers                             ; 413            ;
;     -- Dedicated logic registers            ; 413            ;
;     -- I/O registers                        ; 0              ;
;                                             ;                ;
; I/O pins                                    ; 42             ;
;                                             ;                ;
; Embedded Multiplier 9-bit elements          ; 0              ;
;                                             ;                ;
; Maximum fan-out node                        ; clk50MHz~input ;
; Maximum fan-out                             ; 413            ;
; Total fan-out                               ; 22586          ;
; Average fan-out                             ; 2.85           ;
+---------------------------------------------+----------------+


+---------------------------------------------------------------------------------------------------------------------------------------------------------------------------------------------------------------------------------------------------------------------------------------------+
; Analysis & Synthesis Resource Utilization by Entity                                                                                                                                                                                                                                         ;
+------------------------------------------+-------------------+--------------+-------------+--------------+---------+-----------+------+--------------+-----------------------------------------------------------------------------------------------------------------------+--------------+
; Compilation Hierarchy Node               ; LC Combinationals ; LC Registers ; Memory Bits ; DSP Elements ; DSP 9x9 ; DSP 18x18 ; Pins ; Virtual Pins ; Full Hierarchy Name                                                                                                   ; Library Name ;
+------------------------------------------+-------------------+--------------+-------------+--------------+---------+-----------+------+--------------+-----------------------------------------------------------------------------------------------------------------------+--------------+
; |timer                                   ; 7424 (4)          ; 413 (2)      ; 0           ; 0            ; 0       ; 0         ; 42   ; 0            ; |timer                                                                                                                ; work         ;
;    |audio:bipper|                        ; 19 (19)           ; 5 (5)        ; 0           ; 0            ; 0       ; 0         ; 0    ; 0            ; |timer|audio:bipper                                                                                                   ; work         ;
;    |counter:count|                       ; 183 (183)         ; 110 (110)    ; 0           ; 0            ; 0       ; 0         ; 0    ; 0            ; |timer|counter:count                                                                                                  ; work         ;
;    |decounter:decount|                   ; 7013 (310)        ; 185 (185)    ; 0           ; 0            ; 0       ; 0         ; 0    ; 0            ; |timer|decounter:decount                                                                                              ; work         ;
;       |lpm_divide:Div0|                  ; 795 (0)           ; 0 (0)        ; 0           ; 0            ; 0       ; 0         ; 0    ; 0            ; |timer|decounter:decount|lpm_divide:Div0                                                                              ; work         ;
;          |lpm_divide_62p:auto_generated| ; 795 (0)           ; 0 (0)        ; 0           ; 0            ; 0       ; 0         ; 0    ; 0            ; |timer|decounter:decount|lpm_divide:Div0|lpm_divide_62p:auto_generated                                                ; work         ;
;             |abs_divider_1dg:divider|    ; 795 (50)          ; 0 (0)        ; 0           ; 0            ; 0       ; 0         ; 0    ; 0            ; |timer|decounter:decount|lpm_divide:Div0|lpm_divide_62p:auto_generated|abs_divider_1dg:divider                        ; work         ;
;                |alt_u_div_0af:divider|   ; 744 (744)         ; 0 (0)        ; 0           ; 0            ; 0       ; 0         ; 0    ; 0            ; |timer|decounter:decount|lpm_divide:Div0|lpm_divide_62p:auto_generated|abs_divider_1dg:divider|alt_u_div_0af:divider  ; work         ;
;                |lpm_abs_i0a:my_abs_num|  ; 1 (1)             ; 0 (0)        ; 0           ; 0            ; 0       ; 0         ; 0    ; 0            ; |timer|decounter:decount|lpm_divide:Div0|lpm_divide_62p:auto_generated|abs_divider_1dg:divider|lpm_abs_i0a:my_abs_num ; work         ;
;       |lpm_divide:Div1|                  ; 660 (0)           ; 0 (0)        ; 0           ; 0            ; 0       ; 0         ; 0    ; 0            ; |timer|decounter:decount|lpm_divide:Div1                                                                              ; work         ;
;          |lpm_divide_r0p:auto_generated| ; 660 (0)           ; 0 (0)        ; 0           ; 0            ; 0       ; 0         ; 0    ; 0            ; |timer|decounter:decount|lpm_divide:Div1|lpm_divide_r0p:auto_generated                                                ; work         ;
;             |abs_divider_mbg:divider|    ; 660 (58)          ; 0 (0)        ; 0           ; 0            ; 0       ; 0         ; 0    ; 0            ; |timer|decounter:decount|lpm_divide:Div1|lpm_divide_r0p:auto_generated|abs_divider_mbg:divider                        ; work         ;
;                |alt_u_div_a7f:divider|   ; 571 (571)         ; 0 (0)        ; 0           ; 0            ; 0       ; 0         ; 0    ; 0            ; |timer|decounter:decount|lpm_divide:Div1|lpm_divide_r0p:auto_generated|abs_divider_mbg:divider|alt_u_div_a7f:divider  ; work         ;
;                |lpm_abs_i0a:my_abs_num|  ; 31 (31)           ; 0 (0)        ; 0           ; 0            ; 0       ; 0         ; 0    ; 0            ; |timer|decounter:decount|lpm_divide:Div1|lpm_divide_r0p:auto_generated|abs_divider_mbg:divider|lpm_abs_i0a:my_abs_num ; work         ;
;       |lpm_divide:Div2|                  ; 536 (0)           ; 0 (0)        ; 0           ; 0            ; 0       ; 0         ; 0    ; 0            ; |timer|decounter:decount|lpm_divide:Div2                                                                              ; work         ;
;          |lpm_divide_p0p:auto_generated| ; 536 (0)           ; 0 (0)        ; 0           ; 0            ; 0       ; 0         ; 0    ; 0            ; |timer|decounter:decount|lpm_divide:Div2|lpm_divide_p0p:auto_generated                                                ; work         ;
;             |abs_divider_kbg:divider|    ; 536 (62)          ; 0 (0)        ; 0           ; 0            ; 0       ; 0         ; 0    ; 0            ; |timer|decounter:decount|lpm_divide:Div2|lpm_divide_p0p:auto_generated|abs_divider_kbg:divider                        ; work         ;
;                |alt_u_div_67f:divider|   ; 449 (449)         ; 0 (0)        ; 0           ; 0            ; 0       ; 0         ; 0    ; 0            ; |timer|decounter:decount|lpm_divide:Div2|lpm_divide_p0p:auto_generated|abs_divider_kbg:divider|alt_u_div_67f:divider  ; work         ;
;                |lpm_abs_i0a:my_abs_num|  ; 25 (25)           ; 0 (0)        ; 0           ; 0            ; 0       ; 0         ; 0    ; 0            ; |timer|decounter:decount|lpm_divide:Div2|lpm_divide_p0p:auto_generated|abs_divider_kbg:divider|lpm_abs_i0a:my_abs_num ; work         ;
;       |lpm_divide:Mod0|                  ; 1502 (0)          ; 0 (0)        ; 0           ; 0            ; 0       ; 0         ; 0    ; 0            ; |timer|decounter:decount|lpm_divide:Mod0                                                                              ; work         ;
;          |lpm_divide_cqo:auto_generated| ; 1502 (0)          ; 0 (0)        ; 0           ; 0            ; 0       ; 0         ; 0    ; 0            ; |timer|decounter:decount|lpm_divide:Mod0|lpm_divide_cqo:auto_generated                                                ; work         ;
;             |abs_divider_4dg:divider|    ; 1502 (66)         ; 0 (0)        ; 0           ; 0            ; 0       ; 0         ; 0    ; 0            ; |timer|decounter:decount|lpm_divide:Mod0|lpm_divide_cqo:auto_generated|abs_divider_4dg:divider                        ; work         ;
;                |alt_u_div_6af:divider|   ; 1389 (1389)       ; 0 (0)        ; 0           ; 0            ; 0       ; 0         ; 0    ; 0            ; |timer|decounter:decount|lpm_divide:Mod0|lpm_divide_cqo:auto_generated|abs_divider_4dg:divider|alt_u_div_6af:divider  ; work         ;
;                |lpm_abs_i0a:my_abs_num|  ; 47 (47)           ; 0 (0)        ; 0           ; 0            ; 0       ; 0         ; 0    ; 0            ; |timer|decounter:decount|lpm_divide:Mod0|lpm_divide_cqo:auto_generated|abs_divider_4dg:divider|lpm_abs_i0a:my_abs_num ; work         ;
;       |lpm_divide:Mod1|                  ; 1545 (0)          ; 0 (0)        ; 0           ; 0            ; 0       ; 0         ; 0    ; 0            ; |timer|decounter:decount|lpm_divide:Mod1                                                                              ; work         ;
;          |lpm_divide_cqo:auto_generated| ; 1545 (0)          ; 0 (0)        ; 0           ; 0            ; 0       ; 0         ; 0    ; 0            ; |timer|decounter:decount|lpm_divide:Mod1|lpm_divide_cqo:auto_generated                                                ; work         ;
;             |abs_divider_4dg:divider|    ; 1545 (64)         ; 0 (0)        ; 0           ; 0            ; 0       ; 0         ; 0    ; 0            ; |timer|decounter:decount|lpm_divide:Mod1|lpm_divide_cqo:auto_generated|abs_divider_4dg:divider                        ; work         ;
;                |alt_u_div_6af:divider|   ; 1461 (1461)       ; 0 (0)        ; 0           ; 0            ; 0       ; 0         ; 0    ; 0            ; |timer|decounter:decount|lpm_divide:Mod1|lpm_divide_cqo:auto_generated|abs_divider_4dg:divider|alt_u_div_6af:divider  ; work         ;
;                |lpm_abs_i0a:my_abs_num|  ; 20 (20)           ; 0 (0)        ; 0           ; 0            ; 0       ; 0         ; 0    ; 0            ; |timer|decounter:decount|lpm_divide:Mod1|lpm_divide_cqo:auto_generated|abs_divider_4dg:divider|lpm_abs_i0a:my_abs_num ; work         ;
;       |lpm_divide:Mod2|                  ; 1665 (0)          ; 0 (0)        ; 0           ; 0            ; 0       ; 0         ; 0    ; 0            ; |timer|decounter:decount|lpm_divide:Mod2                                                                              ; work         ;
;          |lpm_divide_cqo:auto_generated| ; 1665 (0)          ; 0 (0)        ; 0           ; 0            ; 0       ; 0         ; 0    ; 0            ; |timer|decounter:decount|lpm_divide:Mod2|lpm_divide_cqo:auto_generated                                                ; work         ;
;             |abs_divider_4dg:divider|    ; 1665 (64)         ; 0 (0)        ; 0           ; 0            ; 0       ; 0         ; 0    ; 0            ; |timer|decounter:decount|lpm_divide:Mod2|lpm_divide_cqo:auto_generated|abs_divider_4dg:divider                        ; work         ;
;                |alt_u_div_6af:divider|   ; 1567 (1567)       ; 0 (0)        ; 0           ; 0            ; 0       ; 0         ; 0    ; 0            ; |timer|decounter:decount|lpm_divide:Mod2|lpm_divide_cqo:auto_generated|abs_divider_4dg:divider|alt_u_div_6af:divider  ; work         ;
;                |lpm_abs_i0a:my_abs_num|  ; 34 (34)           ; 0 (0)        ; 0           ; 0            ; 0       ; 0         ; 0    ; 0            ; |timer|decounter:decount|lpm_divide:Mod2|lpm_divide_cqo:auto_generated|abs_divider_4dg:divider|lpm_abs_i0a:my_abs_num ; work         ;
;    |display:dispSnMin|                   ; 30 (30)           ; 11 (11)      ; 0           ; 0            ; 0       ; 0         ; 0    ; 0            ; |timer|display:dispSnMin                                                                                              ; work         ;
;    |display:dispSnSec|                   ; 29 (29)           ; 11 (11)      ; 0           ; 0            ; 0       ; 0         ; 0    ; 0            ; |timer|display:dispSnSec                                                                                              ; work         ;
;    |display:dispTMin|                    ; 28 (28)           ; 11 (11)      ; 0           ; 0            ; 0       ; 0         ; 0    ; 0            ; |timer|display:dispTMin                                                                                               ; work         ;
;    |display:dispTSec|                    ; 29 (29)           ; 11 (11)      ; 0           ; 0            ; 0       ; 0         ; 0    ; 0            ; |timer|display:dispTSec                                                                                               ; work         ;
;    |freqDiv:clock1Hz|                    ; 44 (44)           ; 33 (33)      ; 0           ; 0            ; 0       ; 0         ; 0    ; 0            ; |timer|freqDiv:clock1Hz                                                                                               ; work         ;
;    |freqDiv:clockQHz|                    ; 44 (44)           ; 33 (33)      ; 0           ; 0            ; 0       ; 0         ; 0    ; 0            ; |timer|freqDiv:clockQHz                                                                                               ; work         ;
;    |freqDiv:freqSignal|                  ; 1 (1)             ; 1 (1)        ; 0           ; 0            ; 0       ; 0         ; 0    ; 0            ; |timer|freqDiv:freqSignal                                                                                             ; work         ;
+------------------------------------------+-------------------+--------------+-------------+--------------+---------+-----------+------+--------------+-----------------------------------------------------------------------------------------------------------------------+--------------+
Note: For table entries with two numbers listed, the numbers in parentheses indicate the number of resources of the given type used by the specific entity alone. The numbers listed outside of parentheses indicate the total resources of the given type used by the specific entity and all of its sub-entities in the hierarchy.


+-------------------------------------------------------------------------------------+
; Registers Removed During Synthesis                                                  ;
+----------------------------------------+--------------------------------------------+
; Register name                          ; Reason for Removal                         ;
+----------------------------------------+--------------------------------------------+
; audio:bipper|bipLed[1..8]              ; Merged with audio:bipper|bipLed[0]         ;
; counter:count|counterValue[28..30]     ; Stuck at GND due to stuck port data_in     ;
; freqDiv:freqSignal|countClk[31]        ; Stuck at GND due to stuck port data_in     ;
; freqDiv:freqSignal|countClk[0..30]     ; Lost fanout                                ;
; audio:bipper|second[2..31]             ; Lost fanout                                ;
; counter:count|countMin[30,31]          ; Lost fanout                                ;
; decounter:decount|snMinVal[29,30]      ; Merged with decounter:decount|snMinVal[28] ;
; decounter:decount|tMinVal[25..30]      ; Merged with decounter:decount|tMinVal[24]  ;
; counter:count|counterValue[13..27]     ; Stuck at GND due to stuck port data_in     ;
; Total Number of Removed Registers = 98 ;                                            ;
+----------------------------------------+--------------------------------------------+


+------------------------------------------------------+
; General Register Statistics                          ;
+----------------------------------------------+-------+
; Statistic                                    ; Value ;
+----------------------------------------------+-------+
; Total registers                              ; 413   ;
; Number of registers using Synchronous Clear  ; 161   ;
; Number of registers using Synchronous Load   ; 1     ;
; Number of registers using Asynchronous Clear ; 0     ;
; Number of registers using Asynchronous Load  ; 0     ;
; Number of registers using Clock Enable       ; 161   ;
; Number of registers using Preset             ; 0     ;
+----------------------------------------------+-------+


+---------------------------------------------------+
; Inverted Register Statistics                      ;
+-----------------------------------------+---------+
; Inverted Register                       ; Fan out ;
+-----------------------------------------+---------+
; decounter:decount|decVal[0]             ; 1       ;
; decounter:decount|decVal[31]            ; 2       ;
; display:dispSnSec|valBus[0]             ; 7       ;
; display:dispSnSec|valBus[1]             ; 7       ;
; display:dispSnSec|valBus[2]             ; 7       ;
; display:dispSnSec|valBus[3]             ; 7       ;
; display:dispTSec|valBus[0]              ; 7       ;
; display:dispTSec|valBus[1]              ; 7       ;
; display:dispTSec|valBus[2]              ; 7       ;
; display:dispTSec|valBus[3]              ; 7       ;
; display:dispSnMin|valBus[0]             ; 7       ;
; display:dispSnMin|valBus[1]             ; 7       ;
; display:dispSnMin|valBus[2]             ; 7       ;
; display:dispSnMin|valBus[3]             ; 7       ;
; display:dispTMin|valBus[0]              ; 7       ;
; display:dispTMin|valBus[1]              ; 7       ;
; display:dispTMin|valBus[2]              ; 7       ;
; display:dispTMin|valBus[3]              ; 7       ;
; decounter:decount|snSecVal[0]           ; 5       ;
; decounter:decount|snSecVal[31]          ; 1       ;
; decounter:decount|snMinVal[0]           ; 6       ;
; decounter:decount|snMinVal[31]          ; 1       ;
; decounter:decount|tSecVal[0]            ; 4       ;
; decounter:decount|tSecVal[31]           ; 1       ;
; decounter:decount|tMinVal[0]            ; 6       ;
; decounter:decount|tMinVal[31]           ; 1       ;
; counter:count|counterValue[0]           ; 2       ;
; counter:count|counterValue[31]          ; 1       ;
; decounter:decount|decount               ; 2       ;
; Total number of inverted registers = 29 ;         ;
+-----------------------------------------+---------+


+--------------------------------------------------------------------------------------------------------------------------------------------------------+
; Multiplexer Restructuring Statistics (Restructuring Performed)                                                                                         ;
+--------------------+-----------+---------------+----------------------+------------------------+------------+------------------------------------------+
; Multiplexer Inputs ; Bus Width ; Baseline Area ; Area if Restructured ; Saving if Restructured ; Registered ; Example Multiplexer Output               ;
+--------------------+-----------+---------------+----------------------+------------------------+------------+------------------------------------------+
; 3:1                ; 32 bits   ; 64 LEs        ; 32 LEs               ; 32 LEs                 ; Yes        ; |timer|audio:bipper|second[4]            ;
; 5:1                ; 32 bits   ; 96 LEs        ; 64 LEs               ; 32 LEs                 ; Yes        ; |timer|decounter:decount|internCount[30] ;
; 8:1                ; 32 bits   ; 160 LEs       ; 32 LEs               ; 128 LEs                ; Yes        ; |timer|counter:count|countSec[5]         ;
; 8:1                ; 32 bits   ; 160 LEs       ; 32 LEs               ; 128 LEs                ; Yes        ; |timer|counter:count|countMin[2]         ;
+--------------------+-----------+---------------+----------------------+------------------------+------------+------------------------------------------+


+------------------------------------------------------------------------------------+
; Parameter Settings for Inferred Entity Instance: decounter:decount|lpm_divide:Mod0 ;
+------------------------+----------------+------------------------------------------+
; Parameter Name         ; Value          ; Type                                     ;
+------------------------+----------------+------------------------------------------+
; LPM_WIDTHN             ; 32             ; Untyped                                  ;
; LPM_WIDTHD             ; 32             ; Untyped                                  ;
; LPM_NREPRESENTATION    ; SIGNED         ; Untyped                                  ;
; LPM_DREPRESENTATION    ; SIGNED         ; Untyped                                  ;
; LPM_PIPELINE           ; 0              ; Untyped                                  ;
; LPM_REMAINDERPOSITIVE  ; FALSE          ; Untyped                                  ;
; MAXIMIZE_SPEED         ; 5              ; Untyped                                  ;
; CBXI_PARAMETER         ; lpm_divide_cqo ; Untyped                                  ;
; CARRY_CHAIN            ; MANUAL         ; Untyped                                  ;
; OPTIMIZE_FOR_SPEED     ; 5              ; Untyped                                  ;
; AUTO_CARRY_CHAINS      ; ON             ; AUTO_CARRY                               ;
; IGNORE_CARRY_BUFFERS   ; OFF            ; IGNORE_CARRY                             ;
; AUTO_CASCADE_CHAINS    ; ON             ; AUTO_CASCADE                             ;
; IGNORE_CASCADE_BUFFERS ; OFF            ; IGNORE_CASCADE                           ;
+------------------------+----------------+------------------------------------------+
Note: In order to hide this table in the UI and the text report file, please set the "Show Parameter Settings in Synthesis Report" option in "Analysis and Synthesis Settings -> More Settings" to "Off".


+------------------------------------------------------------------------------------+
; Parameter Settings for Inferred Entity Instance: decounter:decount|lpm_divide:Div1 ;
+------------------------+----------------+------------------------------------------+
; Parameter Name         ; Value          ; Type                                     ;
+------------------------+----------------+------------------------------------------+
; LPM_WIDTHN             ; 32             ; Untyped                                  ;
; LPM_WIDTHD             ; 7              ; Untyped                                  ;
; LPM_NREPRESENTATION    ; SIGNED         ; Untyped                                  ;
; LPM_DREPRESENTATION    ; SIGNED         ; Untyped                                  ;
; LPM_PIPELINE           ; 0              ; Untyped                                  ;
; LPM_REMAINDERPOSITIVE  ; FALSE          ; Untyped                                  ;
; MAXIMIZE_SPEED         ; 5              ; Untyped                                  ;
; CBXI_PARAMETER         ; lpm_divide_r0p ; Untyped                                  ;
; CARRY_CHAIN            ; MANUAL         ; Untyped                                  ;
; OPTIMIZE_FOR_SPEED     ; 5              ; Untyped                                  ;
; AUTO_CARRY_CHAINS      ; ON             ; AUTO_CARRY                               ;
; IGNORE_CARRY_BUFFERS   ; OFF            ; IGNORE_CARRY                             ;
; AUTO_CASCADE_CHAINS    ; ON             ; AUTO_CASCADE                             ;
; IGNORE_CASCADE_BUFFERS ; OFF            ; IGNORE_CASCADE                           ;
+------------------------+----------------+------------------------------------------+
Note: In order to hide this table in the UI and the text report file, please set the "Show Parameter Settings in Synthesis Report" option in "Analysis and Synthesis Settings -> More Settings" to "Off".


+------------------------------------------------------------------------------------+
; Parameter Settings for Inferred Entity Instance: decounter:decount|lpm_divide:Mod1 ;
+------------------------+----------------+------------------------------------------+
; Parameter Name         ; Value          ; Type                                     ;
+------------------------+----------------+------------------------------------------+
; LPM_WIDTHN             ; 32             ; Untyped                                  ;
; LPM_WIDTHD             ; 32             ; Untyped                                  ;
; LPM_NREPRESENTATION    ; SIGNED         ; Untyped                                  ;
; LPM_DREPRESENTATION    ; SIGNED         ; Untyped                                  ;
; LPM_PIPELINE           ; 0              ; Untyped                                  ;
; LPM_REMAINDERPOSITIVE  ; FALSE          ; Untyped                                  ;
; MAXIMIZE_SPEED         ; 5              ; Untyped                                  ;
; CBXI_PARAMETER         ; lpm_divide_cqo ; Untyped                                  ;
; CARRY_CHAIN            ; MANUAL         ; Untyped                                  ;
; OPTIMIZE_FOR_SPEED     ; 5              ; Untyped                                  ;
; AUTO_CARRY_CHAINS      ; ON             ; AUTO_CARRY                               ;
; IGNORE_CARRY_BUFFERS   ; OFF            ; IGNORE_CARRY                             ;
; AUTO_CASCADE_CHAINS    ; ON             ; AUTO_CASCADE                             ;
; IGNORE_CASCADE_BUFFERS ; OFF            ; IGNORE_CASCADE                           ;
+------------------------+----------------+------------------------------------------+
Note: In order to hide this table in the UI and the text report file, please set the "Show Parameter Settings in Synthesis Report" option in "Analysis and Synthesis Settings -> More Settings" to "Off".


+------------------------------------------------------------------------------------+
; Parameter Settings for Inferred Entity Instance: decounter:decount|lpm_divide:Div2 ;
+------------------------+----------------+------------------------------------------+
; Parameter Name         ; Value          ; Type                                     ;
+------------------------+----------------+------------------------------------------+
; LPM_WIDTHN             ; 32             ; Untyped                                  ;
; LPM_WIDTHD             ; 5              ; Untyped                                  ;
; LPM_NREPRESENTATION    ; SIGNED         ; Untyped                                  ;
; LPM_DREPRESENTATION    ; SIGNED         ; Untyped                                  ;
; LPM_PIPELINE           ; 0              ; Untyped                                  ;
; LPM_REMAINDERPOSITIVE  ; FALSE          ; Untyped                                  ;
; MAXIMIZE_SPEED         ; 5              ; Untyped                                  ;
; CBXI_PARAMETER         ; lpm_divide_p0p ; Untyped                                  ;
; CARRY_CHAIN            ; MANUAL         ; Untyped                                  ;
; OPTIMIZE_FOR_SPEED     ; 5              ; Untyped                                  ;
; AUTO_CARRY_CHAINS      ; ON             ; AUTO_CARRY                               ;
; IGNORE_CARRY_BUFFERS   ; OFF            ; IGNORE_CARRY                             ;
; AUTO_CASCADE_CHAINS    ; ON             ; AUTO_CASCADE                             ;
; IGNORE_CASCADE_BUFFERS ; OFF            ; IGNORE_CASCADE                           ;
+------------------------+----------------+------------------------------------------+
Note: In order to hide this table in the UI and the text report file, please set the "Show Parameter Settings in Synthesis Report" option in "Analysis and Synthesis Settings -> More Settings" to "Off".


+------------------------------------------------------------------------------------+
; Parameter Settings for Inferred Entity Instance: decounter:decount|lpm_divide:Mod2 ;
+------------------------+----------------+------------------------------------------+
; Parameter Name         ; Value          ; Type                                     ;
+------------------------+----------------+------------------------------------------+
; LPM_WIDTHN             ; 32             ; Untyped                                  ;
; LPM_WIDTHD             ; 32             ; Untyped                                  ;
; LPM_NREPRESENTATION    ; SIGNED         ; Untyped                                  ;
; LPM_DREPRESENTATION    ; SIGNED         ; Untyped                                  ;
; LPM_PIPELINE           ; 0              ; Untyped                                  ;
; LPM_REMAINDERPOSITIVE  ; FALSE          ; Untyped                                  ;
; MAXIMIZE_SPEED         ; 5              ; Untyped                                  ;
; CBXI_PARAMETER         ; lpm_divide_cqo ; Untyped                                  ;
; CARRY_CHAIN            ; MANUAL         ; Untyped                                  ;
; OPTIMIZE_FOR_SPEED     ; 5              ; Untyped                                  ;
; AUTO_CARRY_CHAINS      ; ON             ; AUTO_CARRY                               ;
; IGNORE_CARRY_BUFFERS   ; OFF            ; IGNORE_CARRY                             ;
; AUTO_CASCADE_CHAINS    ; ON             ; AUTO_CASCADE                             ;
; IGNORE_CASCADE_BUFFERS ; OFF            ; IGNORE_CASCADE                           ;
+------------------------+----------------+------------------------------------------+
Note: In order to hide this table in the UI and the text report file, please set the "Show Parameter Settings in Synthesis Report" option in "Analysis and Synthesis Settings -> More Settings" to "Off".


+------------------------------------------------------------------------------------+
; Parameter Settings for Inferred Entity Instance: decounter:decount|lpm_divide:Div0 ;
+------------------------+----------------+------------------------------------------+
; Parameter Name         ; Value          ; Type                                     ;
+------------------------+----------------+------------------------------------------+
; LPM_WIDTHN             ; 32             ; Untyped                                  ;
; LPM_WIDTHD             ; 11             ; Untyped                                  ;
; LPM_NREPRESENTATION    ; SIGNED         ; Untyped                                  ;
; LPM_DREPRESENTATION    ; SIGNED         ; Untyped                                  ;
; LPM_PIPELINE           ; 0              ; Untyped                                  ;
; LPM_REMAINDERPOSITIVE  ; FALSE          ; Untyped                                  ;
; MAXIMIZE_SPEED         ; 5              ; Untyped                                  ;
; CBXI_PARAMETER         ; lpm_divide_62p ; Untyped                                  ;
; CARRY_CHAIN            ; MANUAL         ; Untyped                                  ;
; OPTIMIZE_FOR_SPEED     ; 5              ; Untyped                                  ;
; AUTO_CARRY_CHAINS      ; ON             ; AUTO_CARRY                               ;
; IGNORE_CARRY_BUFFERS   ; OFF            ; IGNORE_CARRY                             ;
; AUTO_CASCADE_CHAINS    ; ON             ; AUTO_CASCADE                             ;
; IGNORE_CASCADE_BUFFERS ; OFF            ; IGNORE_CASCADE                           ;
+------------------------+----------------+------------------------------------------+
Note: In order to hide this table in the UI and the text report file, please set the "Show Parameter Settings in Synthesis Report" option in "Analysis and Synthesis Settings -> More Settings" to "Off".


+---------------------------------------------------+
; Port Connectivity Checks: "freqDiv:freqSignal"    ;
+-----------------+-------+----------+--------------+
; Port            ; Type  ; Severity ; Details      ;
+-----------------+-------+----------+--------------+
; periodns[31..6] ; Input ; Info     ; Stuck at GND ;
; periodns[4..1]  ; Input ; Info     ; Stuck at GND ;
; periodns[5]     ; Input ; Info     ; Stuck at VCC ;
; periodns[0]     ; Input ; Info     ; Stuck at VCC ;
+-----------------+-------+----------+--------------+


+---------------------------------------------------+
; Port Connectivity Checks: "freqDiv:clockQHz"      ;
+-----------------+-------+----------+--------------+
; Port            ; Type  ; Severity ; Details      ;
+-----------------+-------+----------+--------------+
; periodns[7..3]  ; Input ; Info     ; Stuck at VCC ;
; periodns[31..8] ; Input ; Info     ; Stuck at GND ;
; periodns[2]     ; Input ; Info     ; Stuck at GND ;
; periodns[1]     ; Input ; Info     ; Stuck at VCC ;
; periodns[0]     ; Input ; Info     ; Stuck at GND ;
+-----------------+-------+----------+--------------+


+----------------------------------------------------+
; Port Connectivity Checks: "freqDiv:clock1Hz"       ;
+------------------+-------+----------+--------------+
; Port             ; Type  ; Severity ; Details      ;
+------------------+-------+----------+--------------+
; periodns[9..5]   ; Input ; Info     ; Stuck at VCC ;
; periodns[31..10] ; Input ; Info     ; Stuck at GND ;
; periodns[2..0]   ; Input ; Info     ; Stuck at GND ;
; periodns[4]      ; Input ; Info     ; Stuck at GND ;
; periodns[3]      ; Input ; Info     ; Stuck at VCC ;
+------------------+-------+----------+--------------+


+-----------------------------------------------------+
; Post-Synthesis Netlist Statistics for Top Partition ;
+-----------------------+-----------------------------+
; Type                  ; Count                       ;
+-----------------------+-----------------------------+
; boundary_port         ; 42                          ;
; cycloneiii_ff         ; 413                         ;
;     ENA               ; 33                          ;
;     ENA SCLR          ; 128                         ;
;     SCLR              ; 33                          ;
;     SLD               ; 1                           ;
;     plain             ; 218                         ;
; cycloneiii_lcell_comb ; 7424                        ;
;     arith             ; 2463                        ;
;         1 data inputs ; 3                           ;
;         2 data inputs ; 366                         ;
;         3 data inputs ; 2094                        ;
;     normal            ; 4961                        ;
;         0 data inputs ; 164                         ;
;         1 data inputs ; 18                          ;
;         2 data inputs ; 2307                        ;
;         3 data inputs ; 179                         ;
;         4 data inputs ; 2293                        ;
;                       ;                             ;
; Max LUT depth         ; 352.50                      ;
; Average LUT depth     ; 270.39                      ;
+-----------------------+-----------------------------+


+-------------------------------+
; Elapsed Time Per Partition    ;
+----------------+--------------+
; Partition Name ; Elapsed Time ;
+----------------+--------------+
; Top            ; 00:00:34     ;
+----------------+--------------+


+-------------------------------+
; Analysis & Synthesis Messages ;
+-------------------------------+
Info: *******************************************************************
Info: Running Quartus II 64-Bit Analysis & Synthesis
    Info: Version 15.0.2 Build 153 07/15/2015 SJ Web Edition
    Info: Processing started: Wed Nov 18 21:36:53 2015
Info: Command: quartus_map --read_settings_files=on --write_settings_files=off timer -c timer
Info (11104): Parallel Compilation has detected 4 hyper-threaded processors. However, the extra hyper-threaded processors will not be used by default. Parallel Compilation will use 2 of the 2 physical processors detected instead.
Warning (12090): Entity "freqDiv" obtained from "freqDiv.vhd" instead of from Quartus II megafunction library
Info (12021): Found 2 design units, including 1 entities, in source file freqdiv.vhd
    Info (12022): Found design unit 1: freqDiv-Behaviour
    Info (12023): Found entity 1: freqDiv
Info (12021): Found 2 design units, including 1 entities, in source file audio.vhd
    Info (12022): Found design unit 1: audio-Behaviour
    Info (12023): Found entity 1: audio
Info (12021): Found 2 design units, including 1 entities, in source file display.vhd
    Info (12022): Found design unit 1: display-Behaviour
    Info (12023): Found entity 1: display
Info (12021): Found 2 design units, including 1 entities, in source file counter.vhd
    Info (12022): Found design unit 1: counter-Behaviour
    Info (12023): Found entity 1: counter
Info (12021): Found 2 design units, including 1 entities, in source file timer.vhd
    Info (12022): Found design unit 1: timer-Behaviour
    Info (12023): Found entity 1: timer
Info (12021): Found 2 design units, including 1 entities, in source file decounter.vhd
    Info (12022): Found design unit 1: decounter-Behaviour
    Info (12023): Found entity 1: decounter
Info (12127): Elaborating entity "timer" for the top level hierarchy
Info (12128): Elaborating entity "freqDiv" for hierarchy "freqDiv:clock1Hz"
Warning (10492): VHDL Process Statement warning at freqDiv.vhd(52): signal "state" is read inside the Process Statement but isn't in the Process Statement's sensitivity list
Info (12128): Elaborating entity "counter" for hierarchy "counter:count"
Info (12128): Elaborating entity "decounter" for hierarchy "decounter:decount"
Info (12128): Elaborating entity "display" for hierarchy "display:dispSnSec"
Info (12128): Elaborating entity "audio" for hierarchy "audio:bipper"
Info (278001): Inferred 6 megafunctions from design logic
    Info (278004): Inferred divider/modulo megafunction ("lpm_divide") from the following logic: "decounter:decount|Mod0"
    Info (278004): Inferred divider/modulo megafunction ("lpm_divide") from the following logic: "decounter:decount|Div1"
    Info (278004): Inferred divider/modulo megafunction ("lpm_divide") from the following logic: "decounter:decount|Mod1"
    Info (278004): Inferred divider/modulo megafunction ("lpm_divide") from the following logic: "decounter:decount|Div2"
    Info (278004): Inferred divider/modulo megafunction ("lpm_divide") from the following logic: "decounter:decount|Mod2"
    Info (278004): Inferred divider/modulo megafunction ("lpm_divide") from the following logic: "decounter:decount|Div0"
Info (12130): Elaborated megafunction instantiation "decounter:decount|lpm_divide:Mod0"
Info (12133): Instantiated megafunction "decounter:decount|lpm_divide:Mod0" with the following parameter:
    Info (12134): Parameter "LPM_WIDTHN" = "32"
    Info (12134): Parameter "LPM_WIDTHD" = "32"
    Info (12134): Parameter "LPM_NREPRESENTATION" = "SIGNED"
    Info (12134): Parameter "LPM_DREPRESENTATION" = "SIGNED"
    Info (12134): Parameter "LPM_HINT" = "LPM_REMAINDERPOSITIVE=FALSE"
Info (12021): Found 1 design units, including 1 entities, in source file db/lpm_divide_cqo.tdf
    Info (12023): Found entity 1: lpm_divide_cqo
Info (12021): Found 1 design units, including 1 entities, in source file db/abs_divider_4dg.tdf
    Info (12023): Found entity 1: abs_divider_4dg
Info (12021): Found 1 design units, including 1 entities, in source file db/alt_u_div_6af.tdf
    Info (12023): Found entity 1: alt_u_div_6af
Info (12021): Found 1 design units, including 1 entities, in source file db/add_sub_7pc.tdf
    Info (12023): Found entity 1: add_sub_7pc
Info (12021): Found 1 design units, including 1 entities, in source file db/add_sub_8pc.tdf
    Info (12023): Found entity 1: add_sub_8pc
Info (12021): Found 1 design units, including 1 entities, in source file db/lpm_abs_i0a.tdf
    Info (12023): Found entity 1: lpm_abs_i0a
Info (12130): Elaborated megafunction instantiation "decounter:decount|lpm_divide:Div1"
Info (12133): Instantiated megafunction "decounter:decount|lpm_divide:Div1" with the following parameter:
    Info (12134): Parameter "LPM_WIDTHN" = "32"
    Info (12134): Parameter "LPM_WIDTHD" = "7"
    Info (12134): Parameter "LPM_NREPRESENTATION" = "SIGNED"
    Info (12134): Parameter "LPM_DREPRESENTATION" = "SIGNED"
    Info (12134): Parameter "LPM_HINT" = "LPM_REMAINDERPOSITIVE=FALSE"
Info (12021): Found 1 design units, including 1 entities, in source file db/lpm_divide_r0p.tdf
    Info (12023): Found entity 1: lpm_divide_r0p
Info (12021): Found 1 design units, including 1 entities, in source file db/abs_divider_mbg.tdf
    Info (12023): Found entity 1: abs_divider_mbg
Info (12021): Found 1 design units, including 1 entities, in source file db/alt_u_div_a7f.tdf
    Info (12023): Found entity 1: alt_u_div_a7f
Info (12021): Found 1 design units, including 1 entities, in source file db/lpm_abs_4v9.tdf
    Info (12023): Found entity 1: lpm_abs_4v9
Info (12130): Elaborated megafunction instantiation "decounter:decount|lpm_divide:Mod1"
Info (12133): Instantiated megafunction "decounter:decount|lpm_divide:Mod1" with the following parameter:
    Info (12134): Parameter "LPM_WIDTHN" = "32"
    Info (12134): Parameter "LPM_WIDTHD" = "32"
    Info (12134): Parameter "LPM_NREPRESENTATION" = "SIGNED"
    Info (12134): Parameter "LPM_DREPRESENTATION" = "SIGNED"
    Info (12134): Parameter "LPM_HINT" = "LPM_REMAINDERPOSITIVE=FALSE"
Info (12130): Elaborated megafunction instantiation "decounter:decount|lpm_divide:Div2"
Info (12133): Instantiated megafunction "decounter:decount|lpm_divide:Div2" with the following parameter:
    Info (12134): Parameter "LPM_WIDTHN" = "32"
    Info (12134): Parameter "LPM_WIDTHD" = "5"
    Info (12134): Parameter "LPM_NREPRESENTATION" = "SIGNED"
    Info (12134): Parameter "LPM_DREPRESENTATION" = "SIGNED"
    Info (12134): Parameter "LPM_HINT" = "LPM_REMAINDERPOSITIVE=FALSE"
Info (12021): Found 1 design units, including 1 entities, in source file db/lpm_divide_p0p.tdf
    Info (12023): Found entity 1: lpm_divide_p0p
Info (12021): Found 1 design units, including 1 entities, in source file db/abs_divider_kbg.tdf
    Info (12023): Found entity 1: abs_divider_kbg
Info (12021): Found 1 design units, including 1 entities, in source file db/alt_u_div_67f.tdf
    Info (12023): Found entity 1: alt_u_div_67f
Info (12021): Found 1 design units, including 1 entities, in source file db/lpm_abs_2v9.tdf
    Info (12023): Found entity 1: lpm_abs_2v9
Info (12130): Elaborated megafunction instantiation "decounter:decount|lpm_divide:Mod2"
Info (12133): Instantiated megafunction "decounter:decount|lpm_divide:Mod2" with the following parameter:
    Info (12134): Parameter "LPM_WIDTHN" = "32"
    Info (12134): Parameter "LPM_WIDTHD" = "32"
    Info (12134): Parameter "LPM_NREPRESENTATION" = "SIGNED"
    Info (12134): Parameter "LPM_DREPRESENTATION" = "SIGNED"
    Info (12134): Parameter "LPM_HINT" = "LPM_REMAINDERPOSITIVE=FALSE"
Info (12130): Elaborated megafunction instantiation "decounter:decount|lpm_divide:Div0"
Info (12133): Instantiated megafunction "decounter:decount|lpm_divide:Div0" with the following parameter:
    Info (12134): Parameter "LPM_WIDTHN" = "32"
    Info (12134): Parameter "LPM_WIDTHD" = "11"
    Info (12134): Parameter "LPM_NREPRESENTATION" = "SIGNED"
    Info (12134): Parameter "LPM_DREPRESENTATION" = "SIGNED"
    Info (12134): Parameter "LPM_HINT" = "LPM_REMAINDERPOSITIVE=FALSE"
Info (12021): Found 1 design units, including 1 entities, in source file db/lpm_divide_62p.tdf
    Info (12023): Found entity 1: lpm_divide_62p
Info (12021): Found 1 design units, including 1 entities, in source file db/abs_divider_1dg.tdf
    Info (12023): Found entity 1: abs_divider_1dg
Info (12021): Found 1 design units, including 1 entities, in source file db/alt_u_div_0af.tdf
    Info (12023): Found entity 1: alt_u_div_0af
Info (12021): Found 1 design units, including 1 entities, in source file db/lpm_abs_f0a.tdf
    Info (12023): Found entity 1: lpm_abs_f0a
Info (13014): Ignored 186 buffer(s)
    Info (13016): Ignored 186 CARRY_SUM buffer(s)
Info (286030): Timing-Driven Synthesis is running
Info (17049): 63 registers lost all their fanouts during netlist optimizations.
Info (16010): Generating hard_block partition "hard_block:auto_generated_inst"
    Info (16011): Adding 0 node(s), including 0 DDIO, 0 PLL, 0 transceiver and 0 LCELL
Info (21057): Implemented 7503 device resources after synthesis - the final resource count might be different
    Info (21058): Implemented 5 input pins
    Info (21059): Implemented 37 output pins
    Info (21061): Implemented 7461 logic cells
Info: Quartus II 64-Bit Analysis & Synthesis was successful. 0 errors, 2 warnings
    Info: Peak virtual memory: 802 megabytes
    Info: Processing ended: Wed Nov 18 21:38:01 2015
    Info: Elapsed time: 00:01:08
    Info: Total CPU time (on all processors): 00:01:45


