Analysis & Synthesis report for bcdCounter
Tue Nov 10 09:49:40 2015
Quartus II 64-Bit Version 15.0.2 Build 153 07/15/2015 SJ Web Edition


---------------------
; Table of Contents ;
---------------------
  1. Legal Notice
  2. Analysis & Synthesis Summary
  3. Analysis & Synthesis Settings
  4. Parallel Compilation
  5. Analysis & Synthesis Source Files Read
  6. Analysis & Synthesis Resource Usage Summary
  7. Analysis & Synthesis Resource Utilization by Entity
  8. User-Specified and Inferred Latches
  9. General Register Statistics
 10. Multiplexer Restructuring Statistics (Restructuring Performed)
 11. Post-Synthesis Netlist Statistics for Top Partition
 12. Elapsed Time Per Partition
 13. Analysis & Synthesis Messages



----------------
; Legal Notice ;
----------------
Copyright (C) 1991-2015 Altera Corporation. All rights reserved.
Your use of Altera Corporation's design tools, logic functions 
and other software and tools, and its AMPP partner logic 
functions, and any output files from any of the foregoing 
(including device programming or simulation files), and any 
associated documentation or information are expressly subject 
to the terms and conditions of the Altera Program License 
Subscription Agreement, the Altera Quartus II License Agreement,
the Altera MegaCore Function License Agreement, or other 
applicable license agreement, including, without limitation, 
that your use is for the sole purpose of programming logic 
devices manufactured by Altera and sold by Altera or its 
authorized distributors.  Please refer to the applicable 
agreement for further details.



+---------------------------------------------------------------------------------+
; Analysis & Synthesis Summary                                                    ;
+------------------------------------+--------------------------------------------+
; Analysis & Synthesis Status        ; Successful - Tue Nov 10 09:49:40 2015      ;
; Quartus II 64-Bit Version          ; 15.0.2 Build 153 07/15/2015 SJ Web Edition ;
; Revision Name                      ; bcdCounter                                 ;
; Top-level Entity Name              ; bcdDecoder                                 ;
; Family                             ; Cyclone IV E                               ;
; Total logic elements               ; 132                                        ;
;     Total combinational functions  ; 132                                        ;
;     Dedicated logic registers      ; 64                                         ;
; Total registers                    ; 64                                         ;
; Total pins                         ; 10                                         ;
; Total virtual pins                 ; 0                                          ;
; Total memory bits                  ; 0                                          ;
; Embedded Multiplier 9-bit elements ; 0                                          ;
; Total PLLs                         ; 0                                          ;
+------------------------------------+--------------------------------------------+


+----------------------------------------------------------------------------------------------------------------------+
; Analysis & Synthesis Settings                                                                                        ;
+----------------------------------------------------------------------------+--------------------+--------------------+
; Option                                                                     ; Setting            ; Default Value      ;
+----------------------------------------------------------------------------+--------------------+--------------------+
; Device                                                                     ; EP4CE115F29C7      ;                    ;
; Top-level entity name                                                      ; bcdDecoder         ; bcdCounter         ;
; Family name                                                                ; Cyclone IV E       ; Cyclone V          ;
; Use smart compilation                                                      ; Off                ; Off                ;
; Enable parallel Assembler and TimeQuest Timing Analyzer during compilation ; On                 ; On                 ;
; Enable compact report table                                                ; Off                ; Off                ;
; Restructure Multiplexers                                                   ; Auto               ; Auto               ;
; Create Debugging Nodes for IP Cores                                        ; Off                ; Off                ;
; Preserve fewer node names                                                  ; On                 ; On                 ;
; Disable OpenCore Plus hardware evaluation                                  ; Off                ; Off                ;
; Verilog Version                                                            ; Verilog_2001       ; Verilog_2001       ;
; VHDL Version                                                               ; VHDL_1993          ; VHDL_1993          ;
; State Machine Processing                                                   ; Auto               ; Auto               ;
; Safe State Machine                                                         ; Off                ; Off                ;
; Extract Verilog State Machines                                             ; On                 ; On                 ;
; Extract VHDL State Machines                                                ; On                 ; On                 ;
; Ignore Verilog initial constructs                                          ; Off                ; Off                ;
; Iteration limit for constant Verilog loops                                 ; 5000               ; 5000               ;
; Iteration limit for non-constant Verilog loops                             ; 250                ; 250                ;
; Add Pass-Through Logic to Inferred RAMs                                    ; On                 ; On                 ;
; Infer RAMs from Raw Logic                                                  ; On                 ; On                 ;
; Parallel Synthesis                                                         ; On                 ; On                 ;
; DSP Block Balancing                                                        ; Auto               ; Auto               ;
; NOT Gate Push-Back                                                         ; On                 ; On                 ;
; Power-Up Don't Care                                                        ; On                 ; On                 ;
; Remove Redundant Logic Cells                                               ; Off                ; Off                ;
; Remove Duplicate Registers                                                 ; On                 ; On                 ;
; Ignore CARRY Buffers                                                       ; Off                ; Off                ;
; Ignore CASCADE Buffers                                                     ; Off                ; Off                ;
; Ignore GLOBAL Buffers                                                      ; Off                ; Off                ;
; Ignore ROW GLOBAL Buffers                                                  ; Off                ; Off                ;
; Ignore LCELL Buffers                                                       ; Off                ; Off                ;
; Ignore SOFT Buffers                                                        ; On                 ; On                 ;
; Limit AHDL Integers to 32 Bits                                             ; Off                ; Off                ;
; Optimization Technique                                                     ; Balanced           ; Balanced           ;
; Carry Chain Length                                                         ; 70                 ; 70                 ;
; Auto Carry Chains                                                          ; On                 ; On                 ;
; Auto Open-Drain Pins                                                       ; On                 ; On                 ;
; Perform WYSIWYG Primitive Resynthesis                                      ; Off                ; Off                ;
; Auto ROM Replacement                                                       ; On                 ; On                 ;
; Auto RAM Replacement                                                       ; On                 ; On                 ;
; Auto DSP Block Replacement                                                 ; On                 ; On                 ;
; Auto Shift Register Replacement                                            ; Auto               ; Auto               ;
; Allow Shift Register Merging across Hierarchies                            ; Auto               ; Auto               ;
; Auto Clock Enable Replacement                                              ; On                 ; On                 ;
; Strict RAM Replacement                                                     ; Off                ; Off                ;
; Allow Synchronous Control Signals                                          ; On                 ; On                 ;
; Force Use of Synchronous Clear Signals                                     ; Off                ; Off                ;
; Auto RAM Block Balancing                                                   ; On                 ; On                 ;
; Auto RAM to Logic Cell Conversion                                          ; Off                ; Off                ;
; Auto Resource Sharing                                                      ; Off                ; Off                ;
; Allow Any RAM Size For Recognition                                         ; Off                ; Off                ;
; Allow Any ROM Size For Recognition                                         ; Off                ; Off                ;
; Allow Any Shift Register Size For Recognition                              ; Off                ; Off                ;
; Use LogicLock Constraints during Resource Balancing                        ; On                 ; On                 ;
; Ignore translate_off and synthesis_off directives                          ; Off                ; Off                ;
; Timing-Driven Synthesis                                                    ; On                 ; On                 ;
; Report Parameter Settings                                                  ; On                 ; On                 ;
; Report Source Assignments                                                  ; On                 ; On                 ;
; Report Connectivity Checks                                                 ; On                 ; On                 ;
; Ignore Maximum Fan-Out Assignments                                         ; Off                ; Off                ;
; Synchronization Register Chain Length                                      ; 2                  ; 2                  ;
; PowerPlay Power Optimization During Synthesis                              ; Normal compilation ; Normal compilation ;
; HDL message level                                                          ; Level2             ; Level2             ;
; Suppress Register Optimization Related Messages                            ; Off                ; Off                ;
; Number of Removed Registers Reported in Synthesis Report                   ; 5000               ; 5000               ;
; Number of Swept Nodes Reported in Synthesis Report                         ; 5000               ; 5000               ;
; Number of Inverted Registers Reported in Synthesis Report                  ; 100                ; 100                ;
; Clock MUX Protection                                                       ; On                 ; On                 ;
; Auto Gated Clock Conversion                                                ; Off                ; Off                ;
; Block Design Naming                                                        ; Auto               ; Auto               ;
; SDC constraint protection                                                  ; Off                ; Off                ;
; Synthesis Effort                                                           ; Auto               ; Auto               ;
; Shift Register Replacement - Allow Asynchronous Clear Signal               ; On                 ; On                 ;
; Pre-Mapping Resynthesis Optimization                                       ; Off                ; Off                ;
; Analysis & Synthesis Message Level                                         ; Medium             ; Medium             ;
; Disable Register Merging Across Hierarchies                                ; Auto               ; Auto               ;
; Resource Aware Inference For Block RAM                                     ; On                 ; On                 ;
; Synthesis Seed                                                             ; 1                  ; 1                  ;
+----------------------------------------------------------------------------+--------------------+--------------------+


+------------------------------------------+
; Parallel Compilation                     ;
+----------------------------+-------------+
; Processors                 ; Number      ;
+----------------------------+-------------+
; Number detected on machine ; 4           ;
; Maximum allowed            ; 2           ;
;                            ;             ;
; Average used               ; 1.00        ;
; Maximum used               ; 2           ;
;                            ;             ;
; Usage by Processor         ; % Time Used ;
;     Processor 1            ; 100.0%      ;
;     Processor 2            ; < 0.1%      ;
;     Processors 3-4         ;   0.0%      ;
+----------------------------+-------------+


+----------------------------------------------------------------------------------------------------------------------------------------------------------------------------------------------------------------------------------+
; Analysis & Synthesis Source Files Read                                                                                                                                                                                           ;
+----------------------------------+-----------------+-----------------+-------------------------------------------------------------------------------------------------------------------------------------------------+---------+
; File Name with User-Entered Path ; Used in Netlist ; File Type       ; File Name with Absolute Path                                                                                                                    ; Library ;
+----------------------------------+-----------------+-----------------+-------------------------------------------------------------------------------------------------------------------------------------------------+---------+
; bcdCounter.vhd                   ; yes             ; User VHDL File  ; C:/Users/Steve/Desktop/4-Hochschule_Offenburg/Semestre 7/VHDL/Projekt/01_Projektaufgabe1/15_11_10_Steve_Wagner_175309_BcdCounter/bcdCounter.vhd ;         ;
; bcdDecoder.vhd                   ; yes             ; User VHDL File  ; C:/Users/Steve/Desktop/4-Hochschule_Offenburg/Semestre 7/VHDL/Projekt/01_Projektaufgabe1/15_11_10_Steve_Wagner_175309_BcdCounter/bcdDecoder.vhd ;         ;
+----------------------------------+-----------------+-----------------+-------------------------------------------------------------------------------------------------------------------------------------------------+---------+


+---------------------------------------------------------+
; Analysis & Synthesis Resource Usage Summary             ;
+---------------------------------------------+-----------+
; Resource                                    ; Usage     ;
+---------------------------------------------+-----------+
; Estimated Total logic elements              ; 132       ;
;                                             ;           ;
; Total combinational functions               ; 132       ;
; Logic element usage by number of LUT inputs ;           ;
;     -- 4 input functions                    ; 35        ;
;     -- 3 input functions                    ; 18        ;
;     -- <=2 input functions                  ; 79        ;
;                                             ;           ;
; Logic elements by mode                      ;           ;
;     -- normal mode                          ; 70        ;
;     -- arithmetic mode                      ; 62        ;
;                                             ;           ;
; Total registers                             ; 64        ;
;     -- Dedicated logic registers            ; 64        ;
;     -- I/O registers                        ; 0         ;
;                                             ;           ;
; I/O pins                                    ; 10        ;
;                                             ;           ;
; Embedded Multiplier 9-bit elements          ; 0         ;
;                                             ;           ;
; Maximum fan-out node                        ; clk~input ;
; Maximum fan-out                             ; 64        ;
; Total fan-out                               ; 623       ;
; Average fan-out                             ; 2.88      ;
+---------------------------------------------+-----------+


+-----------------------------------------------------------------------------------------------------------------------------------------------------------------------------------------+
; Analysis & Synthesis Resource Utilization by Entity                                                                                                                                     ;
+----------------------------+-------------------+--------------+-------------+--------------+---------+-----------+------+--------------+---------------------------------+--------------+
; Compilation Hierarchy Node ; LC Combinationals ; LC Registers ; Memory Bits ; DSP Elements ; DSP 9x9 ; DSP 18x18 ; Pins ; Virtual Pins ; Full Hierarchy Name             ; Library Name ;
+----------------------------+-------------------+--------------+-------------+--------------+---------+-----------+------+--------------+---------------------------------+--------------+
; |bcdDecoder                ; 132 (21)          ; 64 (0)       ; 0           ; 0            ; 0       ; 0         ; 10   ; 0            ; |bcdDecoder                     ; work         ;
;    |bcdcounter:countDec|   ; 111 (111)         ; 64 (64)      ; 0           ; 0            ; 0       ; 0         ; 0    ; 0            ; |bcdDecoder|bcdcounter:countDec ; work         ;
+----------------------------+-------------------+--------------+-------------+--------------+---------+-----------+------+--------------+---------------------------------+--------------+
Note: For table entries with two numbers listed, the numbers in parentheses indicate the number of resources of the given type used by the specific entity alone. The numbers listed outside of parentheses indicate the total resources of the given type used by the specific entity and all of its sub-entities in the hierarchy.


+-------------------------------------------------------------------------------------------------------------+
; User-Specified and Inferred Latches                                                                         ;
+-----------------------------------------------------+------------------------------+------------------------+
; Latch Name                                          ; Latch Enable Signal          ; Free of Timing Hazards ;
+-----------------------------------------------------+------------------------------+------------------------+
; a_seg$latch                                         ; GND                          ; yes                    ;
; b_seg$latch                                         ; GND                          ; yes                    ;
; c_seg$latch                                         ; GND                          ; yes                    ;
; d_seg$latch                                         ; GND                          ; yes                    ;
; e_seg$latch                                         ; GND                          ; yes                    ;
; f_seg$latch                                         ; GND                          ; yes                    ;
; g_seg$latch                                         ; GND                          ; yes                    ;
; bcdcounter:countDec|b1_cod                          ; bcdcounter:countDec|WideNor0 ; yes                    ;
; bcdcounter:countDec|b0_cod                          ; bcdcounter:countDec|WideNor0 ; yes                    ;
; bcdcounter:countDec|b2_cod                          ; bcdcounter:countDec|WideNor0 ; yes                    ;
; bcdcounter:countDec|b3_cod                          ; bcdcounter:countDec|WideNor0 ; yes                    ;
; Number of user-specified and inferred latches = 11  ;                              ;                        ;
+-----------------------------------------------------+------------------------------+------------------------+
Note: All latches listed above may not be present at the end of synthesis due to various synthesis optimizations.


+------------------------------------------------------+
; General Register Statistics                          ;
+----------------------------------------------+-------+
; Statistic                                    ; Value ;
+----------------------------------------------+-------+
; Total registers                              ; 64    ;
; Number of registers using Synchronous Clear  ; 0     ;
; Number of registers using Synchronous Load   ; 0     ;
; Number of registers using Asynchronous Clear ; 64    ;
; Number of registers using Asynchronous Load  ; 0     ;
; Number of registers using Clock Enable       ; 64    ;
; Number of registers using Preset             ; 0     ;
+----------------------------------------------+-------+


+------------------------------------------------------------------------------------------------------------------------------------------+
; Multiplexer Restructuring Statistics (Restructuring Performed)                                                                           ;
+--------------------+-----------+---------------+----------------------+------------------------+------------+----------------------------+
; Multiplexer Inputs ; Bus Width ; Baseline Area ; Area if Restructured ; Saving if Restructured ; Registered ; Example Multiplexer Output ;
+--------------------+-----------+---------------+----------------------+------------------------+------------+----------------------------+
; 5:1                ; 3 bits    ; 9 LEs         ; 6 LEs                ; 3 LEs                  ; No         ; |bcdDecoder|g_seg          ;
+--------------------+-----------+---------------+----------------------+------------------------+------------+----------------------------+


+-----------------------------------------------------+
; Post-Synthesis Netlist Statistics for Top Partition ;
+-----------------------+-----------------------------+
; Type                  ; Count                       ;
+-----------------------+-----------------------------+
; boundary_port         ; 10                          ;
; cycloneiii_ff         ; 64                          ;
;     ENA CLR           ; 64                          ;
; cycloneiii_lcell_comb ; 132                         ;
;     arith             ; 62                          ;
;         2 data inputs ; 62                          ;
;     normal            ; 70                          ;
;         1 data inputs ; 2                           ;
;         2 data inputs ; 15                          ;
;         3 data inputs ; 18                          ;
;         4 data inputs ; 35                          ;
;                       ;                             ;
; Max LUT depth         ; 5.00                        ;
; Average LUT depth     ; 3.62                        ;
+-----------------------+-----------------------------+


+-------------------------------+
; Elapsed Time Per Partition    ;
+----------------+--------------+
; Partition Name ; Elapsed Time ;
+----------------+--------------+
; Top            ; 00:00:03     ;
+----------------+--------------+


+-------------------------------+
; Analysis & Synthesis Messages ;
+-------------------------------+
Info: *******************************************************************
Info: Running Quartus II 64-Bit Analysis & Synthesis
    Info: Version 15.0.2 Build 153 07/15/2015 SJ Web Edition
    Info: Processing started: Tue Nov 10 09:49:08 2015
Info: Command: quartus_map --read_settings_files=on --write_settings_files=off bcdCounter -c bcdCounter
Info (11104): Parallel Compilation has detected 4 hyper-threaded processors. However, the extra hyper-threaded processors will not be used by default. Parallel Compilation will use 2 of the 2 physical processors detected instead.
Info (12021): Found 2 design units, including 1 entities, in source file bcdcounter.vhd
    Info (12022): Found design unit 1: bcdcounter-Behaviour
    Info (12023): Found entity 1: bcdcounter
Info (12021): Found 2 design units, including 1 entities, in source file bcddecoder.vhd
    Info (12022): Found design unit 1: bcdDecoder-Behaviour
    Info (12023): Found entity 1: bcdDecoder
Info (12127): Elaborating entity "bcdDecoder" for the top level hierarchy
Warning (10631): VHDL Process Statement warning at bcdDecoder.vhd(61): inferring latch(es) for signal or variable "a_seg", which holds its previous value in one or more paths through the process
Warning (10631): VHDL Process Statement warning at bcdDecoder.vhd(61): inferring latch(es) for signal or variable "b_seg", which holds its previous value in one or more paths through the process
Warning (10631): VHDL Process Statement warning at bcdDecoder.vhd(61): inferring latch(es) for signal or variable "c_seg", which holds its previous value in one or more paths through the process
Warning (10631): VHDL Process Statement warning at bcdDecoder.vhd(61): inferring latch(es) for signal or variable "d_seg", which holds its previous value in one or more paths through the process
Warning (10631): VHDL Process Statement warning at bcdDecoder.vhd(61): inferring latch(es) for signal or variable "e_seg", which holds its previous value in one or more paths through the process
Warning (10631): VHDL Process Statement warning at bcdDecoder.vhd(61): inferring latch(es) for signal or variable "f_seg", which holds its previous value in one or more paths through the process
Warning (10631): VHDL Process Statement warning at bcdDecoder.vhd(61): inferring latch(es) for signal or variable "g_seg", which holds its previous value in one or more paths through the process
Info (10041): Inferred latch for "g_seg" at bcdDecoder.vhd(61)
Info (10041): Inferred latch for "f_seg" at bcdDecoder.vhd(61)
Info (10041): Inferred latch for "e_seg" at bcdDecoder.vhd(61)
Info (10041): Inferred latch for "d_seg" at bcdDecoder.vhd(61)
Info (10041): Inferred latch for "c_seg" at bcdDecoder.vhd(61)
Info (10041): Inferred latch for "b_seg" at bcdDecoder.vhd(61)
Info (10041): Inferred latch for "a_seg" at bcdDecoder.vhd(61)
Info (12128): Elaborating entity "bcdcounter" for hierarchy "bcdcounter:countDec"
Warning (10631): VHDL Process Statement warning at bcdCounter.vhd(61): inferring latch(es) for signal or variable "b0_cod", which holds its previous value in one or more paths through the process
Warning (10631): VHDL Process Statement warning at bcdCounter.vhd(61): inferring latch(es) for signal or variable "b1_cod", which holds its previous value in one or more paths through the process
Warning (10631): VHDL Process Statement warning at bcdCounter.vhd(61): inferring latch(es) for signal or variable "b2_cod", which holds its previous value in one or more paths through the process
Warning (10631): VHDL Process Statement warning at bcdCounter.vhd(61): inferring latch(es) for signal or variable "b3_cod", which holds its previous value in one or more paths through the process
Info (10041): Inferred latch for "b3_cod" at bcdCounter.vhd(61)
Info (10041): Inferred latch for "b2_cod" at bcdCounter.vhd(61)
Info (10041): Inferred latch for "b1_cod" at bcdCounter.vhd(61)
Info (10041): Inferred latch for "b0_cod" at bcdCounter.vhd(61)
Warning (13012): Latch bcdcounter:countDec|b1_cod has unsafe behavior
    Warning (13013): Ports D and ENA on the latch are fed by the same signal bcdcounter:countDec|countBcd[31]
Warning (13012): Latch bcdcounter:countDec|b0_cod has unsafe behavior
    Warning (13013): Ports D and ENA on the latch are fed by the same signal bcdcounter:countDec|countBcd[31]
Warning (13012): Latch bcdcounter:countDec|b2_cod has unsafe behavior
    Warning (13013): Ports D and ENA on the latch are fed by the same signal bcdcounter:countDec|countBcd[31]
Warning (13012): Latch bcdcounter:countDec|b3_cod has unsafe behavior
    Warning (13013): Ports D and ENA on the latch are fed by the same signal bcdcounter:countDec|countBcd[31]
Info (286030): Timing-Driven Synthesis is running
Info (16010): Generating hard_block partition "hard_block:auto_generated_inst"
    Info (16011): Adding 0 node(s), including 0 DDIO, 0 PLL, 0 transceiver and 0 LCELL
Info (21057): Implemented 142 device resources after synthesis - the final resource count might be different
    Info (21058): Implemented 3 input pins
    Info (21059): Implemented 7 output pins
    Info (21061): Implemented 132 logic cells
Info: Quartus II 64-Bit Analysis & Synthesis was successful. 0 errors, 19 warnings
    Info: Peak virtual memory: 712 megabytes
    Info: Processing ended: Tue Nov 10 09:49:40 2015
    Info: Elapsed time: 00:00:32
    Info: Total CPU time (on all processors): 00:01:00


